opencv/build/intermediates/manifest_merge_blame_file/release/manifest-merger-blame-release-report.txt
1<?xml version="1.0" encoding="utf-8"?>
2<manifest xmlns:android="http://schemas.android.com/apk/res/android"
3    package="org.opencv"
4    android:versionCode="405050"
5    android:versionName="4.5.5-dev" >
6
7    <uses-sdk
8        android:minSdkVersion="21"
8-->opencv_android/opencv/AndroidManifest.xml
9        android:targetSdkVersion="26" />
9-->opencv_android/opencv/AndroidManifest.xml
10
11</manifest>